


	enum FloatInst
	{		
		FBST,		
		FCOM,
		
		F2XM1,
		FABS,
		
		FADD,
		FADDP,
		FIADD,
		
		FBLD,
		FBSTP,
		FCHS,
		
		FCLEX,
		FNCLEX,
		
		FCMOVcc,
		
		FCOMP,
		FCOMPP,
		FCOMI,
		FCOMIP,
		FUCOMI,
		CUCOMIP,
		
		FCOS,
		FDECSTP,
		FFREE,
		
		FDIV,
		FDIVP,
		FIDIV,
		FDIVR,
		FDIVRP,
		FIDIVR,
		
		FICOM,
		FICOMP,
		
		FILD,
		FINCSTP,
		FINIT,
		FNINIT,
		FIST,
		FISTP,
		FISTTP,
		
		FLD,
		FLD1,
		FLDL2T,
		FLDL2E,
		FLDPI,
		FLDLG2,
		FLDLN2,
		FLDZ,
		
		FLDCW,
		FLDENV,
		
		FMUL,
		FMULP,
		FIMUL,
		FNOP,
		FPATAN,
		FPREM,
		FPREM1,
		FPTAN,
		FRNDINT,
		FRSTOR,
		FSAVE,
		FNSAVE,
		FSCALE,
		FSIN,
		FSINCOS,
		FSQRT,
		FST,
		FSTP,
		FSTCW, 	
		FNSTCW,
		FSTENV, 
		FNSTENV,
		FSTSW,  
		FNSTSW,
		FSUB, 
		FSUBP, 
		FISUB,
		FSUBR, 
		FSUBRP, 
		FISUBR,
		FTST,
		FUCOM, 
		FUCOMP, 
		FUCOMPP,
		FXAM,
		FXCH,
		FXRSTOR,
		FXSAVE,
		FXTRACT,
		FYL2X,
		FYL2XP1		
	};



enum AvxInst
	{
		ADDPD,
		ADDPS,
		ADDSD,
		ADDSS,		
		VADDPD,
		VADDPS,
		VADDSD,
		VADDSS,
		
		ADDSUBPD,
		ADDSUBPS,
		ANDPD,
		ANDPS,
		ANDNPD,
		ANDNPS,
		VADDSUBPD,
		VADDSUBPS,
		VANDPD,
		VANDPS,
		VANDNPD,
		VANDNPS,
		
		BLENDPD,
		BLENDPS,
		BLENDVPD,
		BLENDVPS,
		VBLENDPD,
		VBLENDPS,
		VBLENDVPD,
		VBLENDVPS,
		
		CMPPD,
		CMPPS,
		CMPSD,
		CMPSS,
		COMISD,
		COMISS,
		VCMPPD,
		VCMPPS,
		VCMPSD,
		VCMPSS,
		VCOMISD,
		VCOMISS,
		
		CVTDQ2PD,
		CVTPD2DQ,
		CVTPD2PI,
		CVTPD2PS,
		CVTPI2PD,
		CVTPI2PS,
		CVTPS2DQ,
		CVTPS2PD,
		CVTPS2PI,
		CVTSD2SI,
		CVTSD2SS,
		CVTSI2SD,
		CVTSI2SS,
		CVTSS2SD,
		CVTSS2SI,
		CVTTPD2DQ,
		CVTTPD2PI,
		CVTTPS2DQ,
		CVTTPS2PI,
		CVTTSD2SI,
		CVTTSS2SI,		
		VCVTDQ2PD,
		VCVTPD2DQ,
		VCVTPD2PI,
		VCVTPD2PS,
		VCVTPI2PD,
		VCVTPI2PS,
		VCVTPS2DQ,
		VCVTPS2PD,
		VCVTPS2PI,
		VCVTSD2SI,
		VCVTSD2SS,
		VCVTSI2SD,
		VCVTSI2SS,
		VCVTSS2SD,
		VCVTSS2SI,
		VCVTTPD2DQ,
		VCVTTPD2PI,
		VCVTTPS2DQ,
		VCVTTPS2PI,
		VCVTTSD2SI,
		VCVTTSS2SI,
		
		DIVPD,
		DIVPS,
		DIVSD,
		DIVSS,
		DPPD,
		DPPS,
		EXTRACTPS,
		VDIVPD,
		VDIVPS,
		VDIVSD,
		VDIVSS,
		VDPPD,
		VDPPS,
		VEXTRACTPS,
		
		
		HADDPD,
		HADDPS,
		HSUBPD,
		HSUBPS,
		VHADDPD,
		VHADDPS,
		VHSUBPD,
		VHSUBPS,
		
		MAXPD,
		MAXPS,
		MAXSD,
		MAXSS,
		MINPD,
		MINPS,
		MINSD,
		MINSS,
		VMAXPD,
		VMAXPS,
		VMAXSD,
		VMAXSS,
		VMINPD,
		VMINPS,
		VMINSD,
		VMINSS,
		
		MOVAPD,
		MOVAPS,
		MOVHLPS,
		MOVHPD,
		MOVHPS,
		MOVLHPS,
		MOVLPD,
		MOVLPS,
		MOVMSKPD,
		MOVMSKPS,
		MOVNTPD,
		MOVNTPS,
		MOVSD,
		MOVSHDUP,
		MOVSLDUP,
		MOVSS,
		MOVUPD,
		MOVUPS,
		MULPD,
		MULPS,
		MULSD,
		MULSS,
		VMOVAPD,
		VMOVAPS,
		VMOVHLPS,
		VMOVHPD,
		VMOVHPS,
		VMOVLHPS,
		VMOVLPD,
		VMOVLPS,
		VMOVMSKPD,
		VMOVMSKPS,
		VMOVNTPD,
		VMOVNTPS,
		VMOVSD,
		VMOVSHDUP,
		VMOVSLDUP,
		VMOVSS,
		VMOVUPD,
		VMOVUPS,
		VMULPD,
		VMULPS,
		VMULSD,
		VMULSS,
		
		ORPD,
		ORPS,
		RCPPS,
		RCPSS,
		ROUNDDPS,
		ROUNDDPS,
		ROUNDDSD,
		ROUNDDSS,
		RSQRTPS,
		RSQRTSS,
		SHUFPD,
		SHUFPS,
		SQRTPD,
		SQRTPS,
		SQRTSD,
		SQRTSS,
		
		VORPD,
		VORPS,
		VRCPPS,
		VRCPSS,
		VROUNDDPS,
		VROUNDDPS,
		VROUNDDSD,
		VROUNDDSS,
		VRSQRTPS,
		VRSQRTSS,
		VSHUFPD,
		VSHUFPS,
		VSQRTPD,
		VSQRTPS,
		VSQRTSD,
		VSQRTSS,
		
		SUBPD,
		SUBPS,
		SUBSD,
		SUBSS,
		VSUBPD,
		VSUBPS,
		VSUBSD,
		VSUBSS,
		
		UCOMISD,
		UCOMISS,
		VUCOMISD,
		VUCOMISS,
		
		UNPCKHPD,
		UNPCKHPS,
		UNPCKLPD,
		UNPCKLPS,
		VUNPCKHPD,
		VUNPCKHPS,
		VUNPCKLPD,
		VUNPCKLPS,
		
		VCVTPH2PS,
		VCVTPS2PH,
		VEXTRACTF128,
		VINSERTF128,
		VPERMILPD,
		VPERMILPS,
		VPERM2F128,
		
		XORPD,
		XORPS
		VXORPD,
		VXORPS		
	};
