{0, ""},
{FILD, "FIL"},
{FBLD, "FBL"},
{FST, "FS"},
{FSTP, "FST"},
{FIST, "FIS"},
{FISTP, "FIST"},
{FBST, "FBS"},
{FBSTP, "FBST"},
{FLDZ, "FLD"},
{FLD1, "FLD"},
{FLDPI, "FLDP"},
{FLDL2T, "FLDL2"},
{FLDL2E, "FLDL2"},
{FLDLG2, "FLDLG"},
{FLDLN2, "FLDLN"},
{FCOM, "FCO"},
{FICOM, "FICO"},
{FICOMP, "FICOM"},
{FTST, "FTS"},
{FUCOM, "FUCO"},
{FUCOMP, "FUCOM"},
{FUCOMPP, "FUCOMP"},
{FXAM, "FXA"},
{F2XM1, "F2XM"},
{FABS, "FAB"},
{FADD, "FAD"},
{FADDP, "FADD"},
{FIADD, "FIAD"},
{FBLD, "FBL"},
{FBSTP, "FBST"},
{FCHS, "FCH"},
{FCLEX, "FCLE"},
{FNCLEX, "FNCLE"},
{FCMOVcc, "FCMOVc"},
{//FCOM, "//FCO"},
{FCOMP, "FCOM"},
{FCOMPP, "FCOMP"},
{FCOMI, "FCOM"},
{FCOMIP, "FCOMI"},
{FUCOMI, "FUCOM"},
{CUCOMIP, "CUCOMI"},
{FCOS, "FCO"},
{FDECSTP, "FDECST"},
{FFREE, "FFRE"},
{FDIV, "FDI"},
{FDIVP, "FDIV"},
{FIDIV, "FIDI"},
{FDIVR, "FDIV"},
{FDIVRP, "FDIVR"},
{FIDIVR, "FIDIV"},
{FICOM, "FICO"},
{FICOMP, "FICOM"},
{FILD, "FIL"},
{FINCSTP, "FINCST"},
{FINIT, "FINI"},
{FNINIT, "FNINI"},
{FIST, "FIS"},
{FISTP, "FIST"},
{FISTTP, "FISTT"},
{FLD, "FL"},
{FLD1, "FLD"},
{FLDL2T, "FLDL2"},
{FLDL2E, "FLDL2"},
{FLDPI, "FLDP"},
{FLDLG2, "FLDLG"},
{FLDLN2, "FLDLN"},
{FLDZ, "FLD"},
{FLDCW, "FLDC"},
{FLDENV, "FLDEN"},
{FMUL, "FMU"},
{FMULP, "FMUL"},
{FIMUL, "FIMU"},
{FNOP, "FNO"},
{FPATAN, "FPATA"},
{FPREM, "FPRE"},
{FPREM1, "FPREM"},
{FPTAN, "FPTA"},
{FRNDINT, "FRNDIN"},
{FRSTOR, "FRSTO"},
{FSAVE, "FSAV"},
{FNSAVE, "FNSAV"},
{FSCALE, "FSCAL"},
{FSIN, "FSI"},
{FSINCOS, "FSINCO"},
{FSQRT, "FSQR"},
{FST, "FS"},
{FSTP, "FST"},
{FSTCW, "FSTC"},
{FNSTCW, "FNSTC"},
{FSTENV, "FSTEN"},
{FNSTENV, "FNSTEN"},
{FSTSW, "FSTS"},
{FNSTSW, "FNSTS"},
{FSUB, "FSU"},
{FSUBP, "FSUB"},
{FISUB, "FISU"},
{FSUBR, "FSUB"},
{FSUBRP, "FSUBR"},
{FISUBR, "FISUB"},
{FTST, "FTS"},
{FUCOM, "FUCO"},
{FUCOMP, "FUCOM"},
{FUCOMPP, "FUCOMP"},
{FXAM, "FXA"},
{FXCH, "FXC"},
{FXRSTOR, "FXRSTO"},
{FXSAVE, "FXSAV"},
{FXTRACT, "FXTRAC"},
{FYL2X, "FYL2"},
{FYL2XP1, "FYL2XP"},
{ADDPD, "ADDP"},
{ADDPS, "ADDP"},
{ADDSD, "ADDS"},
{ADDSS, "ADDS"},
{VADDPD, "VADDP"},
{VADDPS, "VADDP"},
{VADDSD, "VADDS"},
{VADDSS, "VADDS"},
{ADDSUBPD, "ADDSUBP"},
{ADDSUBPS, "ADDSUBP"},
{ANDPD, "ANDP"},
{ANDPS, "ANDP"},
{ANDNPD, "ANDNP"},
{ANDNPS, "ANDNP"},
{VADDSUBPD, "VADDSUBP"},
{VADDSUBPS, "VADDSUBP"},
{VANDPD, "VANDP"},
{VANDPS, "VANDP"},
{VANDNPD, "VANDNP"},
{VANDNPS, "VANDNP"},
{BLENDPD, "BLENDP"},
{BLENDPS, "BLENDP"},
{BLENDVPD, "BLENDVP"},
{BLENDVPS, "BLENDVP"},
{VBLENDPD, "VBLENDP"},
{VBLENDPS, "VBLENDP"},
{VBLENDVPD, "VBLENDVP"},
{VBLENDVPS, "VBLENDVP"},
{CMPPD, "CMPP"},
{CMPPS, "CMPP"},
{CMPSD, "CMPS"},
{CMPSS, "CMPS"},
{COMISD, "COMIS"},
{COMISS, "COMIS"},
{VCMPPD, "VCMPP"},
{VCMPPS, "VCMPP"},
{VCMPSD, "VCMPS"},
{VCMPSS, "VCMPS"},
{VCOMISD, "VCOMIS"},
{VCOMISS, "VCOMIS"},
{CVTDQ2PD, "CVTDQ2P"},
{CVTPD2DQ, "CVTPD2D"},
{CVTPD2PI, "CVTPD2P"},
{CVTPD2PS, "CVTPD2P"},
{CVTPI2PD, "CVTPI2P"},
{CVTPS2DQ, "CVTPS2D"},
{CVTPS2PD, "CVTPS2P"},
{CVTPS2PI, "CVTPS2P"},
{CVTSD2SI, "CVTSD2S"},
{CVTSD2SS, "CVTSD2S"},
{CVTSI2SD, "CVTSI2S"},
{CVTSI2SS, "CVTSI2S"},
{CVTSS2SD, "CVTSS2S"},
{CVTSS2SI, "CVTSS2S"},
{CVTTPD2DQ, "CVTTPD2D"},
{CVTTPD2PI, "CVTTPD2P"},
{CVTTPS2DQ, "CVTTPS2D"},
{CVTTPS2PI, "CVTTPS2P"},
{CVTTSD2SI, "CVTTSD2S"},
{CVTTSS2SI, "CVTTSS2S"},
{VCVTDQ2PD, "VCVTDQ2P"},
{VCVTPD2DQ, "VCVTPD2D"},
{VCVTPD2PI, "VCVTPD2P"},
{VCVTPD2PS, "VCVTPD2P"},
{VCVTPI2PD, "VCVTPI2P"},
{VCVTPS2DQ, "VCVTPS2D"},
{VCVTPS2PD, "VCVTPS2P"},
{VCVTPS2PI, "VCVTPS2P"},
{VCVTSD2SI, "VCVTSD2S"},
{VCVTSD2SS, "VCVTSD2S"},
{VCVTSI2SD, "VCVTSI2S"},
{VCVTSI2SS, "VCVTSI2S"},
{VCVTSS2SD, "VCVTSS2S"},
{VCVTSS2SI, "VCVTSS2S"},
{VCVTTPD2DQ, "VCVTTPD2D"},
{VCVTTPD2PI, "VCVTTPD2P"},
{VCVTTPS2DQ, "VCVTTPS2D"},
{VCVTTPS2PI, "VCVTTPS2P"},
{VCVTTSD2SI, "VCVTTSD2S"},
{VCVTTSS2SI, "VCVTTSS2S"},
{DIVPD, "DIVP"},
{DIVPS, "DIVP"},
{DIVSD, "DIVS"},
{DIVSS, "DIVS"},
{DPPD, "DPP"},
{DPPS, "DPP"},
{EXTRACTPS, "EXTRACTP"},
{VDIVPD, "VDIVP"},
{VDIVPS, "VDIVP"},
{VDIVSD, "VDIVS"},
{VDIVSS, "VDIVS"},
{VDPPD, "VDPP"},
{VDPPS, "VDPP"},
{VEXTRACTPS, "VEXTRACTP"},
{HADDPD, "HADDP"},
{HADDPS, "HADDP"},
{HSUBPD, "HSUBP"},
{HSUBPS, "HSUBP"},
{VHADDPD, "VHADDP"},
{VHADDPS, "VHADDP"},
{VHSUBPD, "VHSUBP"},
{VHSUBPS, "VHSUBP"},
{MAXPD, "MAXP"},
{MAXPS, "MAXP"},
{MAXSD, "MAXS"},
{MAXSS, "MAXS"},
{MINPD, "MINP"},
{MINPS, "MINP"},
{MINSD, "MINS"},
{MINSS, "MINS"},
{VMAXPD, "VMAXP"},
{VMAXPS, "VMAXP"},
{VMAXSD, "VMAXS"},
{VMAXSS, "VMAXS"},
{VMINPD, "VMINP"},
{VMINPS, "VMINP"},
{VMINSD, "VMINS"},
{VMINSS, "VMINS"},
{MOVAPD, "MOVAP"},
{MOVAPS, "MOVAP"},
{MOVHLPS, "MOVHLP"},
{MOVHPD, "MOVHP"},
{MOVHPS, "MOVHP"},
{MOVLHPS, "MOVLHP"},
{MOVLPD, "MOVLP"},
{MOVLPS, "MOVLP"},
{MOVMSKPD, "MOVMSKP"},
{MOVMSKPS, "MOVMSKP"},
{MOVNTPD, "MOVNTP"},
{MOVNTPS, "MOVNTP"},
{MOVSD, "MOVS"},
{MOVSHDUP, "MOVSHDU"},
{MOVSLDUP, "MOVSLDU"},
{MOVSS, "MOVS"},
{MOVUPD, "MOVUP"},
{MOVUPS, "MOVUP"},
{MULPD, "MULP"},
{MULPS, "MULP"},
{MULSD, "MULS"},
{MULSS, "MULS"},
{VMOVAPD, "VMOVAP"},
{VMOVAPS, "VMOVAP"},
{VMOVHLPS, "VMOVHLP"},
{VMOVHPD, "VMOVHP"},
{VMOVHPS, "VMOVHP"},
{VMOVLHPS, "VMOVLHP"},
{VMOVLPD, "VMOVLP"},
{VMOVLPS, "VMOVLP"},
{VMOVMSKPD, "VMOVMSKP"},
{VMOVMSKPS, "VMOVMSKP"},
{VMOVNTPD, "VMOVNTP"},
{VMOVNTPS, "VMOVNTP"},
{VMOVSD, "VMOVS"},
{VMOVSHDUP, "VMOVSHDU"},
{VMOVSLDUP, "VMOVSLDU"},
{VMOVSS, "VMOVS"},
{VMOVUPD, "VMOVUP"},
{VMOVUPS, "VMOVUP"},
{VMULPD, "VMULP"},
{VMULPS, "VMULP"},
{VMULSD, "VMULS"},
{VMULSS, "VMULS"},
{ORPD, "ORP"},
{ORPS, "ORP"},
{RCPPS, "RCPP"},
{RCPSS, "RCPS"},
{ROUNDDPS, "ROUNDDP"},
{ROUNDDPS, "ROUNDDP"},
{ROUNDDSD, "ROUNDDS"},
{ROUNDDSS, "ROUNDDS"},
{RSQRTPS, "RSQRTP"},
{RSQRTSS, "RSQRTS"},
{SHUFPD, "SHUFP"},
{SHUFPS, "SHUFP"},
{SQRTPD, "SQRTP"},
{SQRTPS, "SQRTP"},
{SQRTSD, "SQRTS"},
{SQRTSS, "SQRTS"},
{VORPD, "VORP"},
{VORPS, "VORP"},
{VRCPPS, "VRCPP"},
{VRCPSS, "VRCPS"},
{VROUNDDPS, "VROUNDDP"},
{VROUNDDPS, "VROUNDDP"},
{VROUNDDSD, "VROUNDDS"},
{VROUNDDSS, "VROUNDDS"},
{VRSQRTPS, "VRSQRTP"},
{VRSQRTSS, "VRSQRTS"},
{VSHUFPD, "VSHUFP"},
{VSHUFPS, "VSHUFP"},
{VSQRTPD, "VSQRTP"},
{VSQRTPS, "VSQRTP"},
{VSQRTSD, "VSQRTS"},
{VSQRTSS, "VSQRTS"},
{SUBPD, "SUBP"},
{SUBPS, "SUBP"},
{SUBSD, "SUBS"},
{SUBSS, "SUBS"},
{VSUBPD, "VSUBP"},
{VSUBPS, "VSUBP"},
{VSUBSD, "VSUBS"},
{VSUBSS, "VSUBS"},
{UCOMISD, "UCOMIS"},
{UCOMISS, "UCOMIS"},
{VUCOMISD, "VUCOMIS"},
{VUCOMISS, "VUCOMIS"},
{UNPCKHPD, "UNPCKHP"},
{UNPCKHPS, "UNPCKHP"},
{UNPCKLPD, "UNPCKLP"},
{UNPCKLPS, "UNPCKLP"},
{VUNPCKHPD, "VUNPCKHP"},
{VUNPCKHPS, "VUNPCKHP"},
{VUNPCKLPD, "VUNPCKLP"},
{VUNPCKLPS, "VUNPCKLP"},
{VCVTPH2PS, "VCVTPH2P"},
{VCVTPS2PH, "VCVTPS2P"},
{VEXTRACTF128, "VEXTRACTF12"},
{VINSERTF128, "VINSERTF12"},
{VPERMILPD, "VPERMILP"},
{VPERMILPS, "VPERMILP"},
{VPERM2F128, "VPERM2F12"},
{XORPD, "XORP"},
{VXORPD, "VXORP"},
{m_nType, "m_nTyp"},
{{FLD, "{FL"},
{"FLD"}, ""FLD""},
{{FILD, "{FIL"},
{"FILD"}, ""FILD""},
{{FBLD, "{FBL"},
{"FBLD"}, ""FBLD""},
{{FST, "{FS"},
{"FST"}, ""FST""},
{{FSTP, "{FST"},
{}, ""},
{{FIST, "{FIS"},
{"FIST"}, ""FIST""},
{{FISTP, "{FIST"},
{"FISTP"}, ""FISTP""},
{{FBST, "{FBS"},
{"FBST"}, ""FBST""},
{{FBSTP, "{FBST"},
{"FBSTP"}, ""FBSTP""},
{{FLDZ, "{FLD"},
{"FLDZ"}, ""FLDZ""},
{{FLD1, "{FLD"},
{"FLD1"}, ""FLD1""},
{{FLDPI, "{FLDP"},
{"FLDPI"}, ""FLDPI""},
{{FLDL2T, "{FLDL2"},
{"FLDL2T"}, ""FLDL2T""},
{{FLDL2E, "{FLDL2"},
{"FLDL2E"}, ""FLDL2E""},
{{FLDLG2, "{FLDLG"},
{"FLDLG2"}, ""FLDLG2""},
{{FLDLN2, "{FLDLN"},
{"FLDLN2"}, ""FLDLN2""},
{{FCOM, "{FCO"},
{"FCOM"}, ""FCOM""},
{{FICOM, "{FICO"},
{"FICOM"}, ""FICOM""},
{{FICOMP, "{FICOM"},
{"FICOMP"}, ""FICOMP""},
{{FTST, "{FTS"},
{"FTST"}, ""FTST""},
{{FUCOM, "{FUCO"},
{"FUCOM"}, ""FUCOM""},
{{FUCOMP, "{FUCOM"},
{"FUCOMP"}, ""FUCOMP""},
{{FUCOMPP, "{FUCOMP"},
{"FUCOMPP"}, ""FUCOMPP""},
{{FXAM, "{FXA"},
