PIN:MEMLATENCIES 1.0. 0x0
#
# Float Point Instruction stats
#
Total Instruction:	1031222:	1
=====================================================

Float Instruction Interval:	
2:	2850
4:	7
5:	1
16:	1
35:	9
36:	23
37:	5
39:	6
40:	5
43:	4
49:	1
51:	2
136:	5
153:	3
170:	1
187:	2
207:	1
221:	1
226:	1
228:	1
229:	2
230:	1
232:	2
235:	2
236:	1
237:	1
238:	1
239:	4
240:	6
241:	1
242:	2
243:	1
245:	4
248:	1
252:	2
253:	2
254:	2
255:	1
256:	1
259:	1
263:	2
264:	5
265:	3
266:	2
269:	2
272:	2
276:	1
277:	1
278:	3
280:	1
281:	6
284:	1
287:	1
292:	1
298:	1
309:	3
312:	1
329:	2
354:	2
359:	11
376:	1
378:	1
393:	3
395:	1
396:	1
398:	1
401:	1
407:	1
414:	1
417:	1
420:	1
425:	1
441:	1
444:	1
452:	1
475:	2
481:	1
482:	1
512:	1
542:	1
544:	2
545:	2
547:	1
549:	2
550:	1
559:	1
565:	1
566:	3
570:	1
577:	1
579:	2
582:	1
584:	1
588:	2
592:	3
595:	1
598:	1
599:	1
638:	1
642:	1
647:	1
654:	3
655:	2
656:	2
657:	1
658:	1
659:	1
662:	1
668:	3
671:	1
676:	1
687:	2
688:	1
693:	1
697:	1
698:	1
701:	1
708:	1
711:	3
712:	1
723:	1
726:	1
727:	3
730:	1
731:	1
732:	1
734:	2
737:	1
740:	1
747:	1
756:	2
778:	2
781:	1
784:	1
787:	2
788:	2
791:	2
794:	1
796:	1
797:	1
799:	2
800:	1
801:	1
802:	1
804:	2
807:	1
808:	1
809:	1
810:	1
811:	1
812:	3
813:	1
815:	2
817:	1
818:	1
820:	1
830:	1
846:	1
866:	1
934:	1
940:	1
941:	1
943:	1
951:	2
957:	1
966:	2
968:	1
973:	2
976:	1
981:	4
983:	5
985:	1
987:	3
991:	1
992:	1
996:	1
998:	1
999:	1
1008:	1
1013:	6
1020:	1
1022:	1
1023:	2
1029:	1
1030:	2
1038:	1
1039:	2
1040:	2
1069:	3
1070:	2
1081:	1
1085:	1
1094:	1
1101:	2
1104:	1
1113:	2
1114:	1
1119:	1
1126:	2
1127:	1
1134:	1
1136:	2
1144:	2
1165:	1
1166:	3
1169:	1
1172:	1
1174:	3
1176:	1
1179:	1
1182:	2
1183:	2
1184:	1
1186:	1
1189:	2
1190:	1
1191:	1
1193:	1
1200:	1
1201:	1
1205:	1
1222:	1
1223:	1
1229:	1
1231:	1
1233:	1
1234:	1
1237:	1
1239:	1
1240:	1
1242:	1
1249:	1
1250:	2
1259:	2
1260:	1
1266:	1
1267:	1
1269:	1
1270:	2
1271:	1
1272:	1
1274:	1
1278:	1
1279:	2
1280:	3
1286:	3
1288:	2
1289:	3
1290:	1
1296:	1
1299:	1
1305:	2
1311:	1
1312:	2
1315:	3
1316:	3
1318:	3
1319:	1
1322:	2
1328:	1
1331:	1
1335:	1
1337:	1
1338:	1
1341:	1
1345:	1
1346:	1
1350:	1
1362:	1
1369:	1
1374:	1
1375:	1
1379:	1
1380:	1
1381:	1
1386:	1
1391:	2
1393:	3
1394:	1
1395:	1
1401:	1
1402:	1
1403:	1
1405:	1
1409:	1
1410:	1
1411:	1
1412:	4
1415:	1
1416:	2
1418:	1
1419:	1
1420:	1
1421:	3
1423:	4
1431:	4
1433:	4
1434:	1
1435:	2
1438:	2
1439:	3
1440:	1
1441:	1
1442:	3
1444:	1
1448:	2
1449:	1
1450:	1
1452:	1
1456:	4
1459:	1
1460:	1
1463:	3
1464:	1
1466:	1
1469:	1
1473:	1
1478:	1
1480:	2
1488:	1
1493:	1
1496:	2
1499:	1
1501:	1
1503:	1
1508:	1
1511:	1
1513:	2
1520:	1
1521:	1
1528:	1
1539:	1
1542:	1
1544:	3
1554:	1
1561:	1
1571:	1
1576:	1
1583:	2
1586:	2
1601:	1
1602:	3
1608:	1
1618:	2
1619:	2
1626:	2
1631:	1
1636:	4
1644:	1
1662:	3
1665:	1
1666:	6
1672:	1
1676:	2
1683:	2
1693:	2
1698:	1
1705:	1
1708:	1
1723:	2
1729:	1
1763:	1
1766:	2
1768:	1
1770:	1
1773:	2
1779:	1
1780:	1
1787:	2
1789:	3
1790:	2
1795:	1
1806:	3
1809:	1
1816:	1
1818:	3
1819:	1
1825:	1
1835:	3
1840:	1
1844:	1
1851:	1
1853:	1
1854:	2
1865:	3
1875:	1
1882:	1
1892:	1
1896:	1
1903:	1
1906:	1
1922:	1
1965:	1
2062:	1
2116:	1
2144:	1
2287:	1
2367:	1
2580:	1
2585:	2
2587:	1
2589:	1
2591:	3
2594:	1
2600:	1
2602:	1
2768:	1
2867:	1
2934:	1
2942:	1
2973:	1
2996:	1
3106:	1
3142:	1
3231:	1
3323:	1
3678:	1
3836:	1
3867:	1
4186:	1
4458:	1
4639:	1
4923:	1
5109:	1
5614:	1
6759:	1
9489:	1
9952:	1
11116:	1
95918:	1
147290:	1

====================================================
Float Instruction Frequency:	
VADDPS:	1
BLENDVPD:	1
CMPSD:	1
VCMPPS:	1
VCMPSS:	8
VCOMISD:	1
CVTPI2PD:	1
CVTPI2PS:	2
VCVTPD2PS:	2
VCVTPI2PS:	1
VCVTSD2SI:	8
VCVTTPS2DQ:	4
VCVTTPS2PI:	1
VCVTTSD2SI:	3
DIVPD:	4
MOVSD:	3514
